<?xml version="1.0" encoding="UTF-8"?>
<!-- Generated by org.testng.reporters.JUnitReportReporter -->
<testsuite hostname="DESKTOP-HMGEE72" failures="0" tests="4" name="org.testng.test.Login_testcase" time="10.014" errors="0" timestamp="2022-03-19T19:31:17 IST" skipped="2">
  <testcase classname="org.testng.test.Login_testcase" name="tc_admin" time="4.917"/>
  <system-out/>
  <testcase classname="org.testng.test.Login_testcase" name="tc_login1" time="5.097"/>
  <system-out/>
  <testcase classname="org.testng.test.Login_testcase" name="login_tc">
    <skipped/>
  </testcase> <!-- login_tc -->
  <system-out/>
  <testcase classname="org.testng.test.Login_testcase" name="tc_login">
    <skipped/>
  </testcase> <!-- tc_login -->
  <system-out/>
</testsuite> <!-- org.testng.test.Login_testcase -->
