<?xml version="1.0" encoding="UTF-8"?>
<!-- Generated by org.testng.reporters.JUnitReportReporter -->
<testsuite hostname="DESKTOP-HMGEE72" failures="0" tests="2" name="org.testng.test.Login" time="0.004" errors="0" timestamp="2022-03-19T19:05:32 IST" skipped="1">
  <testcase classname="org.testng.test.Login" name="tc_3" time="0.004"/>
  <system-out/>
  <testcase classname="org.testng.test.Login" name="tc_2">
    <skipped/>
  </testcase> <!-- tc_2 -->
  <system-out/>
</testsuite> <!-- org.testng.test.Login -->
