<?xml version="1.0" encoding="UTF-8"?>
<!-- Generated by org.testng.reporters.JUnitReportReporter -->
<testsuite hostname="DESKTOP-HMGEE72" failures="0" tests="2" name="org.testng.test.LoginA" time="0.000" errors="0" timestamp="2022-03-19T19:05:32 IST" skipped="0">
  <testcase classname="org.testng.test.LoginA" name="login" time="0.000"/>
  <system-out/>
  <testcase classname="org.testng.test.LoginA" name="dash" time="0.000"/>
  <system-out/>
</testsuite> <!-- org.testng.test.LoginA -->
