<?xml version="1.0" encoding="UTF-8"?>
<!-- Generated by org.testng.reporters.JUnitReportReporter -->
<testsuite hostname="DESKTOP-HMGEE72" failures="0" tests="7" name="runner.TestRunner" time="57.282" errors="0" timestamp="2022-03-19T19:46:41 IST" skipped="0">
  <testcase classname="runner.TestRunner" name="runScenario" time="8.313"/>
  <system-out/>
  <testcase classname="runner.TestRunner" name="runScenario" time="8.194"/>
  <system-out/>
  <testcase classname="runner.TestRunner" name="runScenario" time="7.301"/>
  <system-out/>
  <testcase classname="runner.TestRunner" name="runScenario" time="8.183"/>
  <system-out/>
  <testcase classname="runner.TestRunner" name="runScenario" time="8.087"/>
  <system-out/>
  <testcase classname="runner.TestRunner" name="runScenario" time="9.102"/>
  <system-out/>
  <testcase classname="runner.TestRunner" name="runScenario" time="8.102"/>
  <system-out/>
</testsuite> <!-- runner.TestRunner -->
